<?xml version="1.0" encoding="UTF-8"?>
<testng-results skipped="0" failed="0" total="2" passed="2">
  <reporter-output>
  </reporter-output>
  <suite name="Suite" duration-ms="57" started-at="2019-03-14T14:57:48Z" finished-at="2019-03-14T14:57:48Z">
    <groups>
    </groups>
    <test name="Test" duration-ms="57" started-at="2019-03-14T14:57:48Z" finished-at="2019-03-14T14:57:48Z">
      <class name="chill.HI">
        <test-method status="PASS" signature="test()[pri:0, instance:chill.HI@4de8b406]" name="test" duration-ms="12" started-at="2019-03-14T20:27:48Z" finished-at="2019-03-14T20:27:48Z">
          <reporter-output>
          </reporter-output>
        </test-method> <!-- test -->
        <test-method status="PASS" signature="test1()[pri:0, instance:chill.HI@4de8b406]" name="test1" duration-ms="4" started-at="2019-03-14T20:27:48Z" finished-at="2019-03-14T20:27:48Z">
          <reporter-output>
          </reporter-output>
        </test-method> <!-- test1 -->
      </class> <!-- chill.HI -->
    </test> <!-- Test -->
  </suite> <!-- Suite -->
</testng-results>
